<?xml version="1.0" encoding="UTF-8"?>
<!-- Generated by org.testng.reporters.JUnitXMLReporter -->
<testsuite ignored="4" hostname="LAPTOP-N8BR68GL" failures="8" tests="8" name="Surefire test" time="6.83" errors="0" timestamp="2026-08-06T07:23:51 IST">
  <testcase classname="com.qa.opencart.tests.HomePageTest" name="homePageTitleTest" time="0.002">
    <failure type="java.lang.NullPointerException" message="Cannot invoke &amp;quot;com.qa.opencart.pages.HomePage.getHomePageTitle()&amp;quot; because &amp;quot;this.homePage&amp;quot; is null">
      <![CDATA[java.lang.NullPointerException: Cannot invoke "com.qa.opencart.pages.HomePage.getHomePageTitle()" because "this.homePage" is null
at com.qa.opencart.tests.HomePageTest.homePageTitleTest(HomePageTest.java:15)
at java.base/java.util.ArrayList.forEach(ArrayList.java:1596)
... Removed 30 stack frames]]>
    </failure>
  </testcase> <!-- homePageTitleTest -->
  <testcase classname="com.qa.opencart.tests.HomePageTest" name="homePageURLTest" time="0.001">
    <failure type="java.lang.NullPointerException" message="Cannot invoke &amp;quot;com.qa.opencart.pages.HomePage.getHomePageURL()&amp;quot; because &amp;quot;this.homePage&amp;quot; is null">
      <![CDATA[java.lang.NullPointerException: Cannot invoke "com.qa.opencart.pages.HomePage.getHomePageURL()" because "this.homePage" is null
at com.qa.opencart.tests.HomePageTest.homePageURLTest(HomePageTest.java:21)
at java.base/java.util.ArrayList.forEach(ArrayList.java:1596)
... Removed 30 stack frames]]>
    </failure>
  </testcase> <!-- homePageURLTest -->
  <testcase classname="com.qa.opencart.tests.HomePageTest" name="searchTest" time="0.001">
    <failure type="java.lang.NullPointerException" message="Cannot invoke &amp;quot;com.qa.opencart.pages.HomePage.doSearch(String)&amp;quot; because &amp;quot;this.homePage&amp;quot; is null">
      <![CDATA[java.lang.NullPointerException: Cannot invoke "com.qa.opencart.pages.HomePage.doSearch(String)" because "this.homePage" is null
at com.qa.opencart.tests.HomePageTest.searchTest(HomePageTest.java:36)
at java.base/java.util.ArrayList.forEach(ArrayList.java:1596)
... Removed 30 stack frames]]>
    </failure>
  </testcase> <!-- searchTest -->
  <testcase classname="com.qa.opencart.tests.HomePageTest" name="searchTest" time="0.001">
    <failure type="java.lang.NullPointerException" message="Cannot invoke &amp;quot;com.qa.opencart.pages.HomePage.doSearch(String)&amp;quot; because &amp;quot;this.homePage&amp;quot; is null">
      <![CDATA[java.lang.NullPointerException: Cannot invoke "com.qa.opencart.pages.HomePage.doSearch(String)" because "this.homePage" is null
at com.qa.opencart.tests.HomePageTest.searchTest(HomePageTest.java:36)
at java.base/java.util.ArrayList.forEach(ArrayList.java:1596)
... Removed 30 stack frames]]>
    </failure>
  </testcase> <!-- searchTest -->
  <testcase classname="com.qa.opencart.tests.HomePageTest" name="searchTest" time="0.0">
    <failure type="java.lang.NullPointerException" message="Cannot invoke &amp;quot;com.qa.opencart.pages.HomePage.doSearch(String)&amp;quot; because &amp;quot;this.homePage&amp;quot; is null">
      <![CDATA[java.lang.NullPointerException: Cannot invoke "com.qa.opencart.pages.HomePage.doSearch(String)" because "this.homePage" is null
at com.qa.opencart.tests.HomePageTest.searchTest(HomePageTest.java:36)
at java.base/java.util.ArrayList.forEach(ArrayList.java:1596)
... Removed 30 stack frames]]>
    </failure>
  </testcase> <!-- searchTest -->
  <testcase classname="com.qa.opencart.tests.LoginPageTest" name="loginPageNavigationTest" time="0.001">
    <failure type="java.lang.NullPointerException" message="Cannot invoke &amp;quot;com.qa.opencart.pages.HomePage.navigateToLoginPage()&amp;quot; because &amp;quot;this.homePage&amp;quot; is null">
      <![CDATA[java.lang.NullPointerException: Cannot invoke "com.qa.opencart.pages.HomePage.navigateToLoginPage()" because "this.homePage" is null
at com.qa.opencart.tests.LoginPageTest.loginPageNavigationTest(LoginPageTest.java:13)
at java.base/java.util.ArrayList.forEach(ArrayList.java:1596)
... Removed 30 stack frames]]>
    </failure>
  </testcase> <!-- loginPageNavigationTest -->
  <testcase classname="com.qa.opencart.tests.LoginPageTest" name="forgotPasswordLinkExistTest" time="0.001">
    <failure type="java.lang.NullPointerException" message="Cannot invoke &amp;quot;com.qa.opencart.pages.LoginPage.isForgotPwdLink()&amp;quot; because &amp;quot;this.loginPage&amp;quot; is null">
      <![CDATA[java.lang.NullPointerException: Cannot invoke "com.qa.opencart.pages.LoginPage.isForgotPwdLink()" because "this.loginPage" is null
at com.qa.opencart.tests.LoginPageTest.forgotPasswordLinkExistTest(LoginPageTest.java:22)
at java.base/java.util.ArrayList.forEach(ArrayList.java:1596)
... Removed 30 stack frames]]>
    </failure>
  </testcase> <!-- forgotPasswordLinkExistTest -->
  <testcase classname="com.qa.opencart.tests.LoginPageTest" name="appLoginTest" time="0.0">
    <failure type="java.lang.NullPointerException" message="Cannot invoke &amp;quot;java.util.Properties.getProperty(String)&amp;quot; because &amp;quot;this.prop&amp;quot; is null">
      <![CDATA[java.lang.NullPointerException: Cannot invoke "java.util.Properties.getProperty(String)" because "this.prop" is null
at com.qa.opencart.tests.LoginPageTest.appLoginTest(LoginPageTest.java:28)
at java.base/java.util.ArrayList.forEach(ArrayList.java:1596)
... Removed 30 stack frames]]>
    </failure>
  </testcase> <!-- appLoginTest -->
  <testcase classname="com.qa.opencart.base.BaseTest" name="@BeforeTest setup" time="0.0">
    <ignored/>
  </testcase> <!-- @BeforeTest setup -->
  <testcase classname="com.qa.opencart.base.BaseTest" name="@AfterTest tearDown" time="0.0">
    <ignored/>
  </testcase> <!-- @AfterTest tearDown -->
  <testcase classname="com.qa.opencart.base.BaseTest" name="@BeforeTest setup" time="0.0">
    <ignored/>
  </testcase> <!-- @BeforeTest setup -->
  <testcase classname="com.qa.opencart.base.BaseTest" name="@AfterTest tearDown" time="0.0">
    <ignored/>
  </testcase> <!-- @AfterTest tearDown -->
</testsuite> <!-- Surefire test -->
