<?xml version="1.0" encoding="UTF-8"?>
<!-- Generated by org.testng.reporters.JUnitXMLReporter -->
<testsuite ignored="0" hostname="LAPTOP-N8BR68GL" failures="0" tests="5" name="Open Cart Home Page Test" time="14.327" errors="0" timestamp="2026-08-05T06:58:48 IST">
  <testcase classname="com.qa.opencart.tests.HomePageTest" name="homePageTitleTest" time="0.028"/>
  <testcase classname="com.qa.opencart.tests.HomePageTest" name="homePageURLTest" time="0.003"/>
  <testcase classname="com.qa.opencart.tests.HomePageTest" name="searchTest" time="0.392"/>
  <testcase classname="com.qa.opencart.tests.HomePageTest" name="searchTest" time="0.366"/>
  <testcase classname="com.qa.opencart.tests.HomePageTest" name="searchTest" time="0.305"/>
</testsuite> <!-- Open Cart Home Page Test -->
