<?xml version="1.0" encoding="UTF-8"?>
<!-- Generated by org.testng.reporters.JUnitXMLReporter -->
<testsuite ignored="0" hostname="LAPTOP-N8BR68GL" failures="0" tests="5" name="Open Cart Home Page Test" time="11.505" errors="0" timestamp="2026-08-06T07:08:21 IST">
  <testcase classname="com.qa.opencart.tests.HomePageTest" name="homePageTitleTest" time="0.036"/>
  <testcase classname="com.qa.opencart.tests.HomePageTest" name="homePageURLTest" time="0.002"/>
  <testcase classname="com.qa.opencart.tests.HomePageTest" name="searchTest" time="1.321"/>
  <testcase classname="com.qa.opencart.tests.HomePageTest" name="searchTest" time="0.714"/>
  <testcase classname="com.qa.opencart.tests.HomePageTest" name="searchTest" time="1.421"/>
</testsuite> <!-- Open Cart Home Page Test -->
