<?xml version="1.0" encoding="UTF-8"?>
<testsuite xmlns:xsi="http://www.w3.org/2001/XMLSchema-instance" xsi:noNamespaceSchemaLocation="https://maven.apache.org/surefire/maven-surefire-plugin/xsd/surefire-test-report.xsd" version="3.0.1" name="TestSuite" time="8.399" tests="8" errors="0" skipped="0" failures="1">
  <properties>
[...]
</properties>
  <testcase name="homePageTitleTest" classname="com.qa.opencart.tests.HomePageTest" time="0.026">
    <system-out><![CDATA[...
... TestNG 7.12.0 by Cédric Beust (cedric@beust.com)
...

Test Suite started!
Test Suite started!
browser name is: chromium
browser name is: chromium
homePageTitleTest started!
page title: Your Store
homePageTitleTest passed!
]]></system-out>
    <system-err><![CDATA[SLF4J(W): No SLF4J providers were found.
SLF4J(W): Defaulting to no-operation (NOP) logger implementation
SLF4J(W): See https://www.slf4j.org/codes.html#noProviders for further details.
]]></system-err>
  </testcase>
  <testcase name="homePageURLTest" classname="com.qa.opencart.tests.HomePageTest" time="0.004">
    <system-out><![CDATA[homePageURLTest started!
page url: https://naveenautomationlabs.com/opencart/
homePageURLTest passed!
]]></system-out>
  </testcase>
  <testcase name="searchTest[Macbook](1)" classname="com.qa.opencart.tests.HomePageTest" time="0.532">
    <system-out><![CDATA[searchTest started!
loginPageNavigationTest started!
search header: Search - Macbook
searchTest passed!
]]></system-out>
  </testcase>
  <testcase name="searchTest[iMac](2)" classname="com.qa.opencart.tests.HomePageTest" time="0.571">
    <system-out><![CDATA[appLoginTest started!
App creds: naveenanimation20@gmail.com:Selenium@12345
appLoginTest failed!
search header: Search - iMac
searchTest passed!
]]></system-out>
  </testcase>
  <testcase name="searchTest[Samsung](3)" classname="com.qa.opencart.tests.HomePageTest" time="0.549">
    <system-out><![CDATA[Test Suite is ending!
search header: Search - Samsung
searchTest passed!
]]></system-out>
  </testcase>
  <testcase name="loginPageNavigationTest" classname="com.qa.opencart.tests.LoginPageTest" time="0.041">
    <system-out><![CDATA[searchTest started!
page act title: Account Login
loginPageNavigationTest passed!
]]></system-out>
  </testcase>
  <testcase name="forgotPasswordLinkExistTest" classname="com.qa.opencart.tests.LoginPageTest" time="0.016">
    <system-out><![CDATA[forgotPasswordLinkExistTest started!
forgotPasswordLinkExistTest passed!
]]></system-out>
  </testcase>
  <testcase name="appLoginTest" classname="com.qa.opencart.tests.LoginPageTest" time="0.004">
    <failure message="expected [true] but found [false]" type="java.lang.AssertionError"><![CDATA[java.lang.AssertionError: expected [true] but found [false]
	at org.testng.Assert.fail(Assert.java:111)
	at org.testng.Assert.failNotEquals(Assert.java:1590)
	at org.testng.Assert.assertTrue(Assert.java:57)
	at org.testng.Assert.assertTrue(Assert.java:67)
	at com.qa.opencart.tests.LoginPageTest.appLoginTest(LoginPageTest.java:28)
	at java.base/jdk.internal.reflect.DirectMethodHandleAccessor.invoke(DirectMethodHandleAccessor.java:103)
	at java.base/java.lang.reflect.Method.invoke(Method.java:580)
	at org.testng.internal.invokers.MethodInvocationHelper.invokeMethod(MethodInvocationHelper.java:141)
	at org.testng.internal.invokers.TestInvoker.invokeMethod(TestInvoker.java:697)
	at org.testng.internal.invokers.TestInvoker.invokeTestMethod(TestInvoker.java:230)
	at org.testng.internal.invokers.MethodRunner.runInSequence(MethodRunner.java:63)
	at org.testng.internal.invokers.TestInvoker$MethodInvocationAgent.invoke(TestInvoker.java:1005)
	at org.testng.internal.invokers.TestInvoker.invokeTestMethods(TestInvoker.java:203)
	at org.testng.internal.invokers.TestMethodWorker.invokeTestMethods(TestMethodWorker.java:154)
	at org.testng.internal.invokers.TestMethodWorker.run(TestMethodWorker.java:134)
	at java.base/java.util.ArrayList.forEach(ArrayList.java:1596)
	at org.testng.TestRunner.privateRun(TestRunner.java:744)
	at org.testng.TestRunner.run(TestRunner.java:616)
	at org.testng.SuiteRunner.runTest(SuiteRunner.java:421)
	at org.testng.SuiteRunner$SuiteWorker.run(SuiteRunner.java:463)
	at org.testng.internal.thread.ThreadUtil.lambda$execute$0(ThreadUtil.java:64)
	at java.base/java.util.concurrent.FutureTask.run(FutureTask.java:317)
	at java.base/java.util.concurrent.ThreadPoolExecutor.runWorker(ThreadPoolExecutor.java:1144)
	at java.base/java.util.concurrent.ThreadPoolExecutor$Worker.run(ThreadPoolExecutor.java:642)
	at java.base/java.lang.Thread.run(Thread.java:1583)
]]></failure>
    <system-out><![CDATA[searchTest started!
]]></system-out>
  </testcase>
</testsuite>