<?xml version="1.0" encoding="UTF-8"?>
<testng-results ignored="0" total="8" passed="8" failed="0" skipped="0">
  <reporter-output>
  </reporter-output>
  <suite started-at="2026-08-07T06:43:47 IST" name="Open Cart Test Regression PW Suite" finished-at="2026-08-07T06:44:01 IST" duration-ms="13932">
    <groups>
    </groups>
    <test started-at="2026-08-07T06:43:47 IST" name="Open Cart Login Page Test" finished-at="2026-08-07T06:44:01 IST" duration-ms="13847">
      <class name="com.qa.opencart.tests.LoginPageTest">
        <test-method is-config="true" signature="setup()[pri:0, instance:com.qa.opencart.tests.LoginPageTest@6c4906d3]" started-at="2026-08-07T06:43:47 IST" name="setup" finished-at="2026-08-07T06:44:00 IST" duration-ms="12200" status="PASS">
          <reporter-output>
          </reporter-output>
        </test-method> <!-- setup -->
        <test-method signature="loginPageNavigationTest()[pri:1, instance:com.qa.opencart.tests.LoginPageTest@6c4906d3]" started-at="2026-08-07T06:44:00 IST" name="loginPageNavigationTest" finished-at="2026-08-07T06:44:00 IST" duration-ms="650" status="PASS">
          <reporter-output>
          </reporter-output>
        </test-method> <!-- loginPageNavigationTest -->
        <test-method signature="forgotPasswordLinkExistTest()[pri:2, instance:com.qa.opencart.tests.LoginPageTest@6c4906d3]" started-at="2026-08-07T06:44:00 IST" name="forgotPasswordLinkExistTest" finished-at="2026-08-07T06:44:00 IST" duration-ms="18" status="PASS">
          <reporter-output>
          </reporter-output>
        </test-method> <!-- forgotPasswordLinkExistTest -->
        <test-method signature="appLoginTest()[pri:3, instance:com.qa.opencart.tests.LoginPageTest@6c4906d3]" started-at="2026-08-07T06:44:00 IST" name="appLoginTest" finished-at="2026-08-07T06:44:01 IST" duration-ms="595" status="PASS">
          <reporter-output>
          </reporter-output>
        </test-method> <!-- appLoginTest -->
        <test-method is-config="true" signature="tearDown()[pri:0, instance:com.qa.opencart.tests.LoginPageTest@6c4906d3]" started-at="2026-08-07T06:44:01 IST" name="tearDown" finished-at="2026-08-07T06:44:01 IST" duration-ms="323" status="PASS">
          <reporter-output>
          </reporter-output>
        </test-method> <!-- tearDown -->
      </class> <!-- com.qa.opencart.tests.LoginPageTest -->
    </test> <!-- Open Cart Login Page Test -->
    <test started-at="2026-08-07T06:43:47 IST" name="Open Cart Home Page Test" finished-at="2026-08-07T06:44:01 IST" duration-ms="13932">
      <class name="com.qa.opencart.tests.HomePageTest">
        <test-method is-config="true" signature="setup()[pri:0, instance:com.qa.opencart.tests.HomePageTest@57a78e3]" started-at="2026-08-07T06:43:47 IST" name="setup" finished-at="2026-08-07T06:44:00 IST" duration-ms="12211" status="PASS">
          <reporter-output>
          </reporter-output>
        </test-method> <!-- setup -->
        <test-method signature="homePageTitleTest()[pri:0, instance:com.qa.opencart.tests.HomePageTest@57a78e3]" started-at="2026-08-07T06:44:00 IST" name="homePageTitleTest" finished-at="2026-08-07T06:44:00 IST" duration-ms="48" status="PASS">
          <reporter-output>
          </reporter-output>
        </test-method> <!-- homePageTitleTest -->
        <test-method signature="homePageURLTest()[pri:0, instance:com.qa.opencart.tests.HomePageTest@57a78e3]" started-at="2026-08-07T06:44:00 IST" name="homePageURLTest" finished-at="2026-08-07T06:44:00 IST" duration-ms="2" status="PASS">
          <reporter-output>
          </reporter-output>
        </test-method> <!-- homePageURLTest -->
        <test-method signature="searchTest(java.lang.String)[pri:0, instance:com.qa.opencart.tests.HomePageTest@57a78e3]" started-at="2026-08-07T06:44:00 IST" name="searchTest" data-provider="getProductData" finished-at="2026-08-07T06:44:00 IST" duration-ms="603" status="PASS">
          <params>
            <param index="0">
              <value>
                <![CDATA[Macbook]]>
              </value>
            </param>
          </params>
          <reporter-output>
          </reporter-output>
        </test-method> <!-- searchTest -->
        <test-method signature="searchTest(java.lang.String)[pri:0, instance:com.qa.opencart.tests.HomePageTest@57a78e3]" started-at="2026-08-07T06:44:00 IST" name="searchTest" data-provider="getProductData" finished-at="2026-08-07T06:44:01 IST" duration-ms="376" status="PASS">
          <params>
            <param index="0">
              <value>
                <![CDATA[iMac]]>
              </value>
            </param>
          </params>
          <reporter-output>
          </reporter-output>
        </test-method> <!-- searchTest -->
        <test-method signature="searchTest(java.lang.String)[pri:0, instance:com.qa.opencart.tests.HomePageTest@57a78e3]" started-at="2026-08-07T06:44:01 IST" name="searchTest" data-provider="getProductData" finished-at="2026-08-07T06:44:01 IST" duration-ms="311" status="PASS">
          <params>
            <param index="0">
              <value>
                <![CDATA[Samsung]]>
              </value>
            </param>
          </params>
          <reporter-output>
          </reporter-output>
        </test-method> <!-- searchTest -->
        <test-method is-config="true" signature="tearDown()[pri:0, instance:com.qa.opencart.tests.HomePageTest@57a78e3]" started-at="2026-08-07T06:44:01 IST" name="tearDown" finished-at="2026-08-07T06:44:01 IST" duration-ms="318" status="PASS">
          <reporter-output>
          </reporter-output>
        </test-method> <!-- tearDown -->
      </class> <!-- com.qa.opencart.tests.HomePageTest -->
    </test> <!-- Open Cart Home Page Test -->
  </suite> <!-- Open Cart Test Regression PW Suite -->
</testng-results>
