<?xml version="1.0" encoding="UTF-8"?>
<testng-results ignored="0" total="8" passed="8" failed="0" skipped="0">
  <reporter-output>
  </reporter-output>
  <suite started-at="2026-08-07T07:15:12 IST" name="Open Cart Test Regression PW Suite" finished-at="2026-08-07T07:15:20 IST" duration-ms="8183">
    <groups>
    </groups>
    <test started-at="2026-08-07T07:15:12 IST" name="Open Cart Home Page Test" finished-at="2026-08-07T07:15:20 IST" duration-ms="8127">
      <class name="com.qa.opencart.tests.HomePageTest">
        <test-method is-config="true" signature="setup()[pri:0, instance:com.qa.opencart.tests.HomePageTest@57a78e3]" started-at="2026-08-07T07:15:12 IST" name="setup" finished-at="2026-08-07T07:15:18 IST" duration-ms="6708" status="PASS">
          <reporter-output>
          </reporter-output>
        </test-method> <!-- setup -->
        <test-method signature="homePageTitleTest()[pri:0, instance:com.qa.opencart.tests.HomePageTest@57a78e3]" started-at="2026-08-07T07:15:18 IST" name="homePageTitleTest" finished-at="2026-08-07T07:15:18 IST" duration-ms="38" status="PASS">
          <reporter-output>
          </reporter-output>
        </test-method> <!-- homePageTitleTest -->
        <test-method signature="homePageURLTest()[pri:0, instance:com.qa.opencart.tests.HomePageTest@57a78e3]" started-at="2026-08-07T07:15:18 IST" name="homePageURLTest" finished-at="2026-08-07T07:15:18 IST" duration-ms="3" status="PASS">
          <reporter-output>
          </reporter-output>
        </test-method> <!-- homePageURLTest -->
        <test-method signature="searchTest(java.lang.String)[pri:0, instance:com.qa.opencart.tests.HomePageTest@57a78e3]" started-at="2026-08-07T07:15:18 IST" name="searchTest" data-provider="getProductData" finished-at="2026-08-07T07:15:19 IST" duration-ms="441" status="PASS">
          <params>
            <param index="0">
              <value>
                <![CDATA[Macbook]]>
              </value>
            </param>
          </params>
          <reporter-output>
          </reporter-output>
        </test-method> <!-- searchTest -->
        <test-method signature="searchTest(java.lang.String)[pri:0, instance:com.qa.opencart.tests.HomePageTest@57a78e3]" started-at="2026-08-07T07:15:19 IST" name="searchTest" data-provider="getProductData" finished-at="2026-08-07T07:15:19 IST" duration-ms="324" status="PASS">
          <params>
            <param index="0">
              <value>
                <![CDATA[iMac]]>
              </value>
            </param>
          </params>
          <reporter-output>
          </reporter-output>
        </test-method> <!-- searchTest -->
        <test-method signature="searchTest(java.lang.String)[pri:0, instance:com.qa.opencart.tests.HomePageTest@57a78e3]" started-at="2026-08-07T07:15:19 IST" name="searchTest" data-provider="getProductData" finished-at="2026-08-07T07:15:20 IST" duration-ms="314" status="PASS">
          <params>
            <param index="0">
              <value>
                <![CDATA[Samsung]]>
              </value>
            </param>
          </params>
          <reporter-output>
          </reporter-output>
        </test-method> <!-- searchTest -->
        <test-method is-config="true" signature="tearDown()[pri:0, instance:com.qa.opencart.tests.HomePageTest@57a78e3]" started-at="2026-08-07T07:15:20 IST" name="tearDown" finished-at="2026-08-07T07:15:20 IST" duration-ms="248" status="PASS">
          <reporter-output>
          </reporter-output>
        </test-method> <!-- tearDown -->
      </class> <!-- com.qa.opencart.tests.HomePageTest -->
    </test> <!-- Open Cart Home Page Test -->
    <test started-at="2026-08-07T07:15:12 IST" name="Open Cart Login Page Test" finished-at="2026-08-07T07:15:20 IST" duration-ms="8183">
      <class name="com.qa.opencart.tests.LoginPageTest">
        <test-method is-config="true" signature="setup()[pri:0, instance:com.qa.opencart.tests.LoginPageTest@6c4906d3]" started-at="2026-08-07T07:15:12 IST" name="setup" finished-at="2026-08-07T07:15:18 IST" duration-ms="6700" status="PASS">
          <reporter-output>
          </reporter-output>
        </test-method> <!-- setup -->
        <test-method signature="loginPageNavigationTest()[pri:1, instance:com.qa.opencart.tests.LoginPageTest@6c4906d3]" started-at="2026-08-07T07:15:18 IST" name="loginPageNavigationTest" finished-at="2026-08-07T07:15:19 IST" duration-ms="580" status="PASS">
          <reporter-output>
          </reporter-output>
        </test-method> <!-- loginPageNavigationTest -->
        <test-method signature="forgotPasswordLinkExistTest()[pri:2, instance:com.qa.opencart.tests.LoginPageTest@6c4906d3]" started-at="2026-08-07T07:15:19 IST" name="forgotPasswordLinkExistTest" finished-at="2026-08-07T07:15:19 IST" duration-ms="19" status="PASS">
          <reporter-output>
          </reporter-output>
        </test-method> <!-- forgotPasswordLinkExistTest -->
        <test-method signature="appLoginTest()[pri:3, instance:com.qa.opencart.tests.LoginPageTest@6c4906d3]" started-at="2026-08-07T07:15:19 IST" name="appLoginTest" finished-at="2026-08-07T07:15:20 IST" duration-ms="512" status="PASS">
          <reporter-output>
          </reporter-output>
        </test-method> <!-- appLoginTest -->
        <test-method is-config="true" signature="tearDown()[pri:0, instance:com.qa.opencart.tests.LoginPageTest@6c4906d3]" started-at="2026-08-07T07:15:20 IST" name="tearDown" finished-at="2026-08-07T07:15:20 IST" duration-ms="322" status="PASS">
          <reporter-output>
          </reporter-output>
        </test-method> <!-- tearDown -->
      </class> <!-- com.qa.opencart.tests.LoginPageTest -->
    </test> <!-- Open Cart Login Page Test -->
  </suite> <!-- Open Cart Test Regression PW Suite -->
</testng-results>
