<?xml version="1.0" encoding="UTF-8"?>
<!-- Generated by org.testng.reporters.JUnitReportReporter -->
<testsuite hostname="LAPTOP-N8BR68GL" failures="0" tests="3" name="com.qa.opencart.tests.LoginPageTest" time="1.263" errors="0" timestamp="2026-08-07T06:44:01 IST" skipped="0">
  <testcase classname="com.qa.opencart.tests.LoginPageTest" name="loginPageNavigationTest" time="0.650"/>
  <system-out/>
  <testcase classname="com.qa.opencart.tests.LoginPageTest" name="forgotPasswordLinkExistTest" time="0.018"/>
  <system-out/>
  <testcase classname="com.qa.opencart.tests.LoginPageTest" name="appLoginTest" time="0.595"/>
  <system-out/>
</testsuite> <!-- com.qa.opencart.tests.LoginPageTest -->
