<?xml version="1.0" encoding="UTF-8"?>
<!-- Generated by org.testng.reporters.JUnitReportReporter -->
<testsuite hostname="LAPTOP-N8BR68GL" failures="0" tests="5" name="com.qa.opencart.tests.HomePageTest" time="3.494" errors="0" timestamp="2026-08-06T07:08:21 IST" skipped="0">
  <testcase classname="com.qa.opencart.tests.HomePageTest" name="homePageTitleTest" time="0.036"/>
  <system-out/>
  <testcase classname="com.qa.opencart.tests.HomePageTest" name="searchTest" time="1.421"/>
  <system-out/>
  <testcase classname="com.qa.opencart.tests.HomePageTest" name="searchTest" time="0.714"/>
  <system-out/>
  <testcase classname="com.qa.opencart.tests.HomePageTest" name="searchTest" time="1.321"/>
  <system-out/>
  <testcase classname="com.qa.opencart.tests.HomePageTest" name="homePageURLTest" time="0.002"/>
  <system-out/>
</testsuite> <!-- com.qa.opencart.tests.HomePageTest -->
