<?xml version="1.0" encoding="UTF-8"?>
<!-- Generated by org.testng.reporters.JUnitReportReporter -->
<testsuite hostname="LAPTOP-N8BR68GL" failures="0" tests="5" name="com.qa.opencart.tests.HomePageTest" time="1.346" errors="0" timestamp="2026-08-06T07:25:22 IST" skipped="0">
  <testcase classname="com.qa.opencart.tests.HomePageTest" name="searchTest" time="0.289"/>
  <testcase classname="com.qa.opencart.tests.HomePageTest" name="homePageTitleTest" time="0.022"/>
  <testcase classname="com.qa.opencart.tests.HomePageTest" name="searchTest" time="0.424"/>
  <testcase classname="com.qa.opencart.tests.HomePageTest" name="homePageURLTest" time="0.002"/>
  <testcase classname="com.qa.opencart.tests.HomePageTest" name="searchTest" time="0.609"/>
</testsuite> <!-- com.qa.opencart.tests.HomePageTest -->
